Determining if the pthread_create exist failed with the following output:
Change Dir: /var/www/html/suphra2/video/mjpg/_build/CMakeFiles/CMakeTmp

Run Build Command:"/usr/bin/make" "cmTC_7a9b0/fast"
make[1]: Entering directory '/var/www/html/suphra2/video/mjpg/_build/CMakeFiles/CMakeTmp'
/usr/bin/make -f CMakeFiles/cmTC_7a9b0.dir/build.make CMakeFiles/cmTC_7a9b0.dir/build
make[2]: Entering directory '/var/www/html/suphra2/video/mjpg/_build/CMakeFiles/CMakeTmp'
Building C object CMakeFiles/cmTC_7a9b0.dir/CheckSymbolExists.c.o
/usr/bin/cc     -o CMakeFiles/cmTC_7a9b0.dir/CheckSymbolExists.c.o   -c /var/www/html/suphra2/video/mjpg/_build/CMakeFiles/CMakeTmp/CheckSymbolExists.c
Linking C executable cmTC_7a9b0
/usr/bin/cmake -E cmake_link_script CMakeFiles/cmTC_7a9b0.dir/link.txt --verbose=1
/usr/bin/cc       CMakeFiles/cmTC_7a9b0.dir/CheckSymbolExists.c.o  -o cmTC_7a9b0 -rdynamic 
CMakeFiles/cmTC_7a9b0.dir/CheckSymbolExists.c.o: In function `main':
CheckSymbolExists.c:(.text+0x38): undefined reference to `pthread_create'
collect2: error: ld returned 1 exit status
CMakeFiles/cmTC_7a9b0.dir/build.make:97: recipe for target 'cmTC_7a9b0' failed
make[2]: *** [cmTC_7a9b0] Error 1
make[2]: Leaving directory '/var/www/html/suphra2/video/mjpg/_build/CMakeFiles/CMakeTmp'
Makefile:126: recipe for target 'cmTC_7a9b0/fast' failed
make[1]: *** [cmTC_7a9b0/fast] Error 2
make[1]: Leaving directory '/var/www/html/suphra2/video/mjpg/_build/CMakeFiles/CMakeTmp'

File /var/www/html/suphra2/video/mjpg/_build/CMakeFiles/CMakeTmp/CheckSymbolExists.c:
/* */
#include <pthread.h>

int main(int argc, char** argv)
{
  (void)argv;
#ifndef pthread_create
  return ((int*)(&pthread_create))[argc];
#else
  (void)argc;
  return 0;
#endif
}

Determining if the function pthread_create exists in the pthreads failed with the following output:
Change Dir: /var/www/html/suphra2/video/mjpg/_build/CMakeFiles/CMakeTmp

Run Build Command:"/usr/bin/make" "cmTC_79d84/fast"
make[1]: Entering directory '/var/www/html/suphra2/video/mjpg/_build/CMakeFiles/CMakeTmp'
/usr/bin/make -f CMakeFiles/cmTC_79d84.dir/build.make CMakeFiles/cmTC_79d84.dir/build
make[2]: Entering directory '/var/www/html/suphra2/video/mjpg/_build/CMakeFiles/CMakeTmp'
Building C object CMakeFiles/cmTC_79d84.dir/CheckFunctionExists.c.o
/usr/bin/cc    -DCHECK_FUNCTION_EXISTS=pthread_create   -o CMakeFiles/cmTC_79d84.dir/CheckFunctionExists.c.o   -c /usr/share/cmake-3.6/Modules/CheckFunctionExists.c
Linking C executable cmTC_79d84
/usr/bin/cmake -E cmake_link_script CMakeFiles/cmTC_79d84.dir/link.txt --verbose=1
/usr/bin/cc   -DCHECK_FUNCTION_EXISTS=pthread_create    CMakeFiles/cmTC_79d84.dir/CheckFunctionExists.c.o  -o cmTC_79d84 -rdynamic -lpthreads 
/usr/bin/ld: cannot find -lpthreads
collect2: error: ld returned 1 exit status
CMakeFiles/cmTC_79d84.dir/build.make:97: recipe for target 'cmTC_79d84' failed
make[2]: *** [cmTC_79d84] Error 1
make[2]: Leaving directory '/var/www/html/suphra2/video/mjpg/_build/CMakeFiles/CMakeTmp'
Makefile:126: recipe for target 'cmTC_79d84/fast' failed
make[1]: *** [cmTC_79d84/fast] Error 2
make[1]: Leaving directory '/var/www/html/suphra2/video/mjpg/_build/CMakeFiles/CMakeTmp'


